000 (676.000.000) 05/20 16:22:27 Job submitted from host: <165.132.104.117:9618?addrs=165.132.104.117-9618&noUDP&sock=21260_7bf6_3>
...
001 (676.000.000) 05/20 16:23:06 Job executing on host: <165.132.104.116:9618?addrs=165.132.104.116-9618&noUDP&sock=13699_4462_3>
...
006 (676.000.000) 05/20 16:23:09 Image size of job updated: 175
	1  -  MemoryUsage of job (MB)
	20  -  ResidentSetSize of job (KB)
...
005 (676.000.000) 05/20 16:23:09 Job terminated.
	(1) Normal termination (return value 0)
		Usr 0 00:00:02, Sys 0 00:00:01  -  Run Remote Usage
		Usr 0 00:00:00, Sys 0 00:00:00  -  Run Local Usage
		Usr 0 00:00:02, Sys 0 00:00:01  -  Total Remote Usage
		Usr 0 00:00:00, Sys 0 00:00:00  -  Total Local Usage
	315  -  Run Bytes Sent By Job
	134502368  -  Run Bytes Received By Job
	315  -  Total Bytes Sent By Job
	134502368  -  Total Bytes Received By Job
	Partitionable Resources :    Usage  Request Allocated 
	   Cpus                 :        0       16        16 
	   Disk (KB)            :   131365   150000 439862272 
	   Memory (MB)          :        1        1      1024 
...
